<?xml version="1.0" encoding="UTF-8" ?>
<testsuite errors="0" skipped="0" tests="4" time="0.018" failures="0" name="net.sf.taverna.t2.workflowmodel.serialization.xml.DataflowXMLSerializerTest">
  <properties>
[...]
</properties>
  <testcase classname="net.sf.taverna.t2.workflowmodel.serialization.xml.DataflowXMLSerializerTest" time="0.001" name="testDataflowInputPorts"/>
  <testcase classname="net.sf.taverna.t2.workflowmodel.serialization.xml.DataflowXMLSerializerTest" time="0.001" name="testDataflowNameandId"/>
  <testcase classname="net.sf.taverna.t2.workflowmodel.serialization.xml.DataflowXMLSerializerTest" time="0.001" name="testDataflowOutputPorts"/>
  <testcase classname="net.sf.taverna.t2.workflowmodel.serialization.xml.DataflowXMLSerializerTest" time="0.006" name="testDataflowNamespace"/>
</testsuite>