<?xml version="1.0" encoding="UTF-8" ?>
<testsuite errors="0" skipped="0" tests="5" time="0.603" failures="0" name="net.sf.taverna.t2.cyclone.PortBindingTest">
  <properties>
[...]
</properties>
  <testcase classname="net.sf.taverna.t2.cyclone.PortBindingTest" time="0.451" name="testRemovalOfUnboundPorts"/>
  <testcase classname="net.sf.taverna.t2.cyclone.PortBindingTest" time="0.096" name="testReplaceDefaultWithStringConstant"/>
  <testcase classname="net.sf.taverna.t2.cyclone.PortBindingTest" time="0.018" name="testDefaultAndUnboundMixed"/>
  <testcase classname="net.sf.taverna.t2.cyclone.PortBindingTest" time="0.021" name="testBoundPortOverridesDefault"/>
  <testcase classname="net.sf.taverna.t2.cyclone.PortBindingTest" time="0.012" name="testInvalidDefaultPortName"/>
</testsuite>