<?xml version="1.0" encoding="UTF-8" ?>
<testsuite failures="0" time="0.154" errors="0" skipped="0" tests="10" name="net.sf.taverna.t2.reference.sadi.RDFReferenceTest">
  <properties>
[...]
</properties>
  <testcase time="0.002" classname="net.sf.taverna.t2.reference.sadi.RDFReferenceTest" name="testToString"/>
  <testcase time="0.002" classname="net.sf.taverna.t2.reference.sadi.RDFReferenceTest" name="testGetResolutionCost"/>
  <testcase time="0.014" classname="net.sf.taverna.t2.reference.sadi.RDFReferenceTest" name="testOpenStream"/>
  <testcase time="0.037" classname="net.sf.taverna.t2.reference.sadi.RDFReferenceTest" name="testGetDataNature"/>
  <testcase time="0.002" classname="net.sf.taverna.t2.reference.sadi.RDFReferenceTest" name="testGetCharset"/>
  <testcase time="0.001" classname="net.sf.taverna.t2.reference.sadi.RDFReferenceTest" name="testGetContents"/>
  <testcase time="0.086" classname="net.sf.taverna.t2.reference.sadi.RDFReferenceTest" name="testSetContents"/>
  <testcase time="0.001" classname="net.sf.taverna.t2.reference.sadi.RDFReferenceTest" name="testGetValue"/>
  <testcase time="0.002" classname="net.sf.taverna.t2.reference.sadi.RDFReferenceTest" name="testSetValue"/>
  <testcase time="0.001" classname="net.sf.taverna.t2.reference.sadi.RDFReferenceTest" name="testGetValueType"/>
</testsuite>